[2010/03/05 05:11:05] La variable emails no se ha definido.
[2010/03/07 01:30:15] La variable idparticipant no se ha definido.
[2010/03/07 01:30:21] La variable id no se ha definido.
[2010/03/07 01:30:21] La variable id_user no se ha definido.
[2010/03/07 01:30:25] La variable idparticipant no se ha definido.
[2010/04/25 02:45:43] The user "aalejo@gmail.com" already exists.
[2010/04/25 02:46:33] The user "aalejo@gmail.com" already exists.
[2010/04/25 02:49:34] The user "aalejo@gmail.com" already exists.
[2010/04/25 02:50:20] The user "aalejo@gmail.com" already exists.
[2010/04/25 02:50:32] The user "aalejo@gmail.com" already exists.
[2010/04/25 02:56:17] The user "aalejo@gmail.com" already exists.
[2010/04/25 02:57:13] The user "aalejo@gmail.com" already exists.
[2010/04/25 03:01:26] No se realizo el cambio de contraseña
[2010/04/25 03:02:11] No se realizo el cambio de contraseña
[2010/04/25 03:02:38] No se realizo el cambio de contraseña
[2010/04/25 03:04:31] No se realizo el cambio de contraseña
[2010/04/25 03:04:43] No se realizo el cambio de contraseña
[2012/06/30 10:44:33] La variable fecha_nacimiento no se ha definido.
[2012/06/30 10:44:33] La variable fecha_inscripcion no se ha definido.
[2012/06/30 10:48:45] La variable fecha_inscripcion no se ha definido.
[2012/06/30 11:37:19] La variable hijos no se ha definido.
[2012/07/01 12:55:55] La variable email no se ha definido.
[2012/07/01 12:55:55] La variable password no se ha definido.
[2012/07/01 01:02:29] The user "alexmilanom@yahoo.es" already exists.
[2012/07/01 01:06:06] La variable status no se ha definido.
[2012/07/01 01:06:45] La variable status no se ha definido.
[2012/07/01 01:07:25] La variable status no se ha definido.
